# JRE version: OpenJDK Runtime Environment (21.0.8) (build 21.0.8+-14196175-b1038.72)
# Java VM: OpenJDK 64-Bit Server VM (21.0.8+-14196175-b1038.72, mixed mode, tiered, compressed oops, compressed class ptrs, g1 gc, windows-amd64)
GC Precious Log:
 CardTable entry size: 512
 Card Set container configuration: InlinePtr #cards 5 size 8 Array Of Cards #cards 12 size 40 Howl #buckets 4 coarsen threshold 1843 Howl Bitmap #cards 512 size 80 coarsen threshold 460 Card regions per heap region 1 cards per card region 2048
 CPUs: 12 total, 12 available
 Memory: 7501M
 Large Page Support: Disabled
 NUMA Support: Disabled
 Compressed Oops: Enabled (32-bit)
 Heap Region Size: 1M
 Heap Min Capacity: 8M
 Heap Initial Capacity: 118M
 Heap Max Capacity: 2G
 Pre-touch: Disabled
 Parallel Workers: 10
 Concurrent Workers: 3
 Concurrent Refinement Workers: 10
 Periodic GC: Disabled
Heap:
 garbage-first heap   total 215040K, used 166779K [0x0000000080000000, 0x0000000100000000)
  region size 1024K, 43 young (44032K), 5 survivors (5120K)
 Metaspace       used 100639K, committed 102464K, reserved 1179648K
  class space    used 13745K, committed 14592K, reserved 1048576K
GC Heap History (20 events):
Event: 10.686 GC heap before
{Heap before GC invocations=15 (full 0):
 garbage-first heap   total 112640K, used 86919K [0x0000000080000000, 0x0000000100000000)
  region size 1024K, 17 young (17408K), 3 survivors (3072K)
 Metaspace       used 56769K, committed 58368K, reserved 1114112K
  class space    used 8068K, committed 8832K, reserved 1048576K
}
Event: 10.691 GC heap after
{Heap after GC invocations=16 (full 0):
 garbage-first heap   total 112640K, used 76487K [0x0000000080000000, 0x0000000100000000)
  region size 1024K, 4 young (4096K), 4 survivors (4096K)
 Metaspace       used 56769K, committed 58368K, reserved 1114112K
  class space    used 8068K, committed 8832K, reserved 1048576K
}
Event: 11.149 GC heap before
{Heap before GC invocations=17 (full 0):
 garbage-first heap   total 142336K, used 113351K [0x0000000080000000, 0x0000000100000000)
  region size 1024K, 26 young (26624K), 4 survivors (4096K)
 Metaspace       used 58410K, committed 60032K, reserved 1114112K
  class space    used 8307K, committed 9088K, reserved 1048576K
}
Event: 11.154 GC heap after
{Heap after GC invocations=18 (full 0):
 garbage-first heap   total 142336K, used 93464K [0x0000000080000000, 0x0000000100000000)
  region size 1024K, 3 young (3072K), 3 survivors (3072K)
 Metaspace       used 58410K, committed 60032K, reserved 1114112K
  class space    used 8307K, committed 9088K, reserved 1048576K
}
Event: 11.545 GC heap before
{Heap before GC invocations=18 (full 0):
 garbage-first heap   total 142336K, used 124184K [0x0000000080000000, 0x0000000100000000)
  region size 1024K, 34 young (34816K), 3 survivors (3072K)
 Metaspace       used 59745K, committed 61440K, reserved 1114112K
  class space    used 8499K, committed 9280K, reserved 1048576K
}
Event: 11.549 GC heap after
{Heap after GC invocations=19 (full 0):
 garbage-first heap   total 142336K, used 93902K [0x0000000080000000, 0x0000000100000000)
  region size 1024K, 4 young (4096K), 4 survivors (4096K)
 Metaspace       used 59745K, committed 61440K, reserved 1114112K
  class space    used 8499K, committed 9280K, reserved 1048576K
}
Event: 12.137 GC heap before
{Heap before GC invocations=19 (full 0):
 garbage-first heap   total 142336K, used 126670K [0x0000000080000000, 0x0000000100000000)
  region size 1024K, 36 young (36864K), 4 survivors (4096K)
 Metaspace       used 65701K, committed 67392K, reserved 1114112K
  class space    used 9687K, committed 10496K, reserved 1048576K
}
Event: 12.140 GC heap after
{Heap after GC invocations=20 (full 0):
 garbage-first heap   total 142336K, used 94863K [0x0000000080000000, 0x0000000100000000)
  region size 1024K, 2 young (2048K), 2 survivors (2048K)
 Metaspace       used 65701K, committed 67392K, reserved 1114112K
  class space    used 9687K, committed 10496K, reserved 1048576K
}
Event: 12.674 GC heap before
{Heap before GC invocations=21 (full 0):
 garbage-first heap   total 158720K, used 129679K [0x0000000080000000, 0x0000000100000000)
  region size 1024K, 36 young (36864K), 2 survivors (2048K)
 Metaspace       used 71038K, committed 72768K, reserved 1114112K
  class space    used 10348K, committed 11136K, reserved 1048576K
}
Event: 12.678 GC heap after
{Heap after GC invocations=22 (full 0):
 garbage-first heap   total 190464K, used 95584K [0x0000000080000000, 0x0000000100000000)
  region size 1024K, 3 young (3072K), 3 survivors (3072K)
 Metaspace       used 71038K, committed 72768K, reserved 1114112K
  class space    used 10348K, committed 11136K, reserved 1048576K
}
Event: 13.445 GC heap before
{Heap before GC invocations=22 (full 0):
 garbage-first heap   total 190464K, used 165216K [0x0000000080000000, 0x0000000100000000)
  region size 1024K, 71 young (72704K), 3 survivors (3072K)
 Metaspace       used 75552K, committed 77312K, reserved 1179648K
  class space    used 10929K, committed 11776K, reserved 1048576K
}
Event: 13.458 GC heap after
{Heap after GC invocations=23 (full 0):
 garbage-first heap   total 190464K, used 110592K [0x0000000080000000, 0x0000000100000000)
  region size 1024K, 9 young (9216K), 9 survivors (9216K)
 Metaspace       used 75552K, committed 77312K, reserved 1179648K
  class space    used 10929K, committed 11776K, reserved 1048576K
}
Event: 14.299 GC heap before
{Heap before GC invocations=23 (full 0):
 garbage-first heap   total 190464K, used 163840K [0x0000000080000000, 0x0000000100000000)
  region size 1024K, 61 young (62464K), 9 survivors (9216K)
 Metaspace       used 81914K, committed 83712K, reserved 1179648K
  class space    used 11624K, committed 12480K, reserved 1048576K
}
Event: 14.309 GC heap after
{Heap after GC invocations=24 (full 0):
 garbage-first heap   total 190464K, used 115443K [0x0000000080000000, 0x0000000100000000)
  region size 1024K, 4 young (4096K), 4 survivors (4096K)
 Metaspace       used 81914K, committed 83712K, reserved 1179648K
  class space    used 11624K, committed 12480K, reserved 1048576K
}
Event: 15.176 GC heap before
{Heap before GC invocations=25 (full 0):
 garbage-first heap   total 193536K, used 165619K [0x0000000080000000, 0x0000000100000000)
  region size 1024K, 54 young (55296K), 4 survivors (4096K)
 Metaspace       used 87232K, committed 88960K, reserved 1179648K
  class space    used 12170K, committed 12992K, reserved 1048576K
}
Event: 15.182 GC heap after
{Heap after GC invocations=26 (full 0):
 garbage-first heap   total 193536K, used 119473K [0x0000000080000000, 0x0000000100000000)
  region size 1024K, 7 young (7168K), 7 survivors (7168K)
 Metaspace       used 87232K, committed 88960K, reserved 1179648K
  class space    used 12170K, committed 12992K, reserved 1048576K
}
Event: 15.963 GC heap before
{Heap before GC invocations=26 (full 0):
 garbage-first heap   total 193536K, used 170673K [0x0000000080000000, 0x0000000100000000)
  region size 1024K, 58 young (59392K), 7 survivors (7168K)
 Metaspace       used 93535K, committed 95360K, reserved 1179648K
  class space    used 12860K, committed 13696K, reserved 1048576K
}
Event: 15.972 GC heap after
{Heap after GC invocations=27 (full 0):
 garbage-first heap   total 193536K, used 123577K [0x0000000080000000, 0x0000000100000000)
  region size 1024K, 8 young (8192K), 8 survivors (8192K)
 Metaspace       used 93535K, committed 95360K, reserved 1179648K
  class space    used 12860K, committed 13696K, reserved 1048576K
}
Event: 16.910 GC heap before
{Heap before GC invocations=27 (full 0):
 garbage-first heap   total 193536K, used 173753K [0x0000000080000000, 0x0000000100000000)
  region size 1024K, 57 young (58368K), 8 survivors (8192K)
 Metaspace       used 99577K, committed 101376K, reserved 1179648K
  class space    used 13576K, committed 14400K, reserved 1048576K
}
Event: 16.918 GC heap after
{Heap after GC invocations=28 (full 0):
 garbage-first heap   total 193536K, used 127867K [0x0000000080000000, 0x0000000100000000)
  region size 1024K, 5 young (5120K), 5 survivors (5120K)
 Metaspace       used 99577K, committed 101376K, reserved 1179648K
  class space    used 13576K, committed 14400K, reserved 1048576K
}

